\BOOKMARK [0][-]{chapter.1}{Introduction}{}% 1
\BOOKMARK [1][-]{section.1.1}{Problem Statement}{chapter.1}% 2
\BOOKMARK [0][-]{chapter.2}{Literature Survey}{}% 3
\BOOKMARK [0][-]{chapter.3}{Work Done}{}% 4
\BOOKMARK [1][-]{section.3.1}{Design}{chapter.3}% 5
\BOOKMARK [1][-]{section.3.2}{Prototype}{chapter.3}% 6
\BOOKMARK [0][-]{chapter.4}{Design Details}{}% 7
\BOOKMARK [1][-]{section.4.1}{Query Generation}{chapter.4}% 8
\BOOKMARK [1][-]{section.4.2}{Search Engine}{chapter.4}% 9
\BOOKMARK [1][-]{section.4.3}{Page Preprocessor}{chapter.4}% 10
\BOOKMARK [1][-]{section.4.4}{Feature Generator}{chapter.4}% 11
\BOOKMARK [2][-]{subsection.4.4.1}{Word Rank Based Features}{section.4.4}% 12
\BOOKMARK [2][-]{subsection.4.4.2}{Bigram Rank Based Features}{section.4.4}% 13
\BOOKMARK [2][-]{subsection.4.4.3}{Coverage of Top Ranked Tokens}{section.4.4}% 14
\BOOKMARK [2][-]{subsection.4.4.4}{Coverage of Interrogative Indicators}{section.4.4}% 15
\BOOKMARK [2][-]{subsection.4.4.5}{Absence of Specific Keywords}{section.4.4}% 16
\BOOKMARK [1][-]{section.4.5}{Labelling \(Training Set Generation\)}{chapter.4}% 17
\BOOKMARK [1][-]{section.4.6}{Support Vector Machine}{chapter.4}% 18
\BOOKMARK [1][-]{section.4.7}{Output}{chapter.4}% 19
\BOOKMARK [0][-]{chapter.5}{Further Work}{}% 20
\BOOKMARK [0][-]{chapter.5}{References}{}% 21
